# JRE version: Java(TM) SE Runtime Environment (11.0.2+9) (build 11.0.2+9-LTS)
# Java VM: Java HotSpot(TM) 64-Bit Server VM (11.0.2+9-LTS, mixed mode, tiered, compressed oops, g1 gc, windows-amd64)
Heap:
 garbage-first heap   total 578560K, used 34474K [0x0000000701a00000, 0x0000000800000000)
  region size 1024K, 23 young (23552K), 21 survivors (21504K)
 Metaspace       used 54642K, capacity 56251K, committed 56320K, reserved 1112064K
  class space    used 7002K, capacity 7653K, committed 7680K, reserved 1048576K
GC Heap History (10 events):
Event: 1.873 GC heap before
{Heap before GC invocations=4 (full 0):
 garbage-first heap   total 262144K, used 35388K [0x0000000701a00000, 0x0000000800000000)
  region size 1024K, 24 young (24576K), 3 survivors (3072K)
 Metaspace       used 20424K, capacity 21123K, committed 21248K, reserved 1067008K
  class space    used 2410K, capacity 2691K, committed 2816K, reserved 1048576K
}
Event: 1.876 GC heap after
{Heap after GC invocations=5 (full 0):
 garbage-first heap   total 262144K, used 15699K [0x0000000701a00000, 0x0000000800000000)
  region size 1024K, 4 young (4096K), 4 survivors (4096K)
 Metaspace       used 20424K, capacity 21123K, committed 21248K, reserved 1067008K
  class space    used 2410K, capacity 2691K, committed 2816K, reserved 1048576K
}
Event: 2.211 GC heap before
{Heap before GC invocations=6 (full 0):
 garbage-first heap   total 262144K, used 70995K [0x0000000701a00000, 0x0000000800000000)
  region size 1024K, 59 young (60416K), 4 survivors (4096K)
 Metaspace       used 24819K, capacity 25618K, committed 25728K, reserved 1071104K
  class space    used 3068K, capacity 3374K, committed 3456K, reserved 1048576K
}
Event: 2.217 GC heap after
{Heap after GC invocations=7 (full 0):
 garbage-first heap   total 262144K, used 16748K [0x0000000701a00000, 0x0000000800000000)
  region size 1024K, 5 young (5120K), 5 survivors (5120K)
 Metaspace       used 24819K, capacity 25618K, committed 25728K, reserved 1071104K
  class space    used 3068K, capacity 3374K, committed 3456K, reserved 1048576K
}
Event: 3.727 GC heap before
{Heap before GC invocations=7 (full 0):
 garbage-first heap   total 262144K, used 121196K [0x0000000701a00000, 0x0000000800000000)
  region size 1024K, 107 young (109568K), 5 survivors (5120K)
 Metaspace       used 30045K, capacity 30919K, committed 31104K, reserved 1077248K
  class space    used 3739K, capacity 4123K, committed 4224K, reserved 1048576K
}
Event: 3.736 GC heap after
{Heap after GC invocations=8 (full 0):
 garbage-first heap   total 262144K, used 20018K [0x0000000701a00000, 0x0000000800000000)
  region size 1024K, 8 young (8192K), 8 survivors (8192K)
 Metaspace       used 30045K, capacity 30919K, committed 31104K, reserved 1077248K
  class space    used 3739K, capacity 4123K, committed 4224K, reserved 1048576K
}
Event: 5.295 GC heap before
{Heap before GC invocations=8 (full 0):
 garbage-first heap   total 262144K, used 148018K [0x0000000701a00000, 0x0000000800000000)
  region size 1024K, 134 young (137216K), 8 survivors (8192K)
 Metaspace       used 34641K, capacity 35696K, committed 35840K, reserved 1081344K
  class space    used 4424K, capacity 4845K, committed 4864K, reserved 1048576K
}
Event: 5.316 GC heap after
{Heap after GC invocations=9 (full 0):
 garbage-first heap   total 578560K, used 23277K [0x0000000701a00000, 0x0000000800000000)
  region size 1024K, 11 young (11264K), 11 survivors (11264K)
 Metaspace       used 34641K, capacity 35696K, committed 35840K, reserved 1081344K
  class space    used 4424K, capacity 4845K, committed 4864K, reserved 1048576K
}
Event: 8.960 GC heap before
{Heap before GC invocations=10 (full 0):
 garbage-first heap   total 578560K, used 332525K [0x0000000701a00000, 0x0000000800000000)
  region size 1024K, 314 young (321536K), 11 survivors (11264K)
 Metaspace       used 54417K, capacity 55970K, committed 56064K, reserved 1103872K
  class space    used 6966K, capacity 7622K, committed 7680K, reserved 1048576K
}
Event: 8.986 GC heap after
{Heap after GC invocations=11 (full 0):
 garbage-first heap   total 578560K, used 33450K [0x0000000701a00000, 0x0000000800000000)
  region size 1024K, 21 young (21504K), 21 survivors (21504K)
 Metaspace       used 54417K, capacity 55970K, committed 56064K, reserved 1103872K
  class space    used 6966K, capacity 7622K, committed 7680K, reserved 1048576K
}

